Resolving dependencies...
Downloading packages...
  matcher 0.12.19 (0.12.20 available)
  meta 1.17.0 (1.19.0 available)
  sqflite 2.4.2+1 (2.4.3 available)
  sqflite_android 2.4.2+3 (2.4.3 available)
  sqflite_common 2.5.8 (2.5.11 available)
  sqflite_darwin 2.4.2 (2.4.3+1 available)
  sqflite_platform_interface 2.4.0 (2.4.1 available)
  synchronized 3.4.0+1 (3.4.1 available)
  test_api 0.7.10 (0.7.13 available)
  vector_math 2.2.0 (2.4.0 available)
Got dependencies!
10 packages have newer versions incompatible with dependency constraints.
Try `flutter pub outdated` for more information.
Launching lib\main.dart on sdk gphone16k x86 64 in debug mode...
Running Gradle task 'assembleDebug'...                              6.0s
√ Built build\app\outputs\flutter-apk\app-debug.apk
Installing build\app\outputs\flutter-apk\app-debug.apk...        2,036ms
D/FlutterJNI(12153): Beginning load of flutter...
D/FlutterJNI(12153): flutter (null) was loaded normally!
I/flutter (12153): [IMPORTANT:flutter/shell/platform/android/android_context_gl_impeller.cc(104)] Using the Impeller rendering backend (OpenGLES).
D/FlutterRenderer(12153): Width is zero. 0,0
Syncing files to device sdk gphone16k x86 64...                 
I/Choreographer(12153): Skipped 47 frames!  The application may be doing too much work on its main thread.
D/WindowOnBackDispatcher(12153): setTopOnBackInvokedCallback (unwrapped): android.app.Activity$$ExternalSyntheticLambda0@89d052a
I/WindowExtensionsImpl(12153): Initializing Window Extensions, vendor API level=10, activity embedding enabled=true
W/UiContextUtils(12153): Requested context is a non-UI Context. Creating a UI-Context with display: 0. Context: Context=android.app.Application@b56934f, of which baseContext=android.app.ContextImpl@6cf1a7e
D/VRI[MainActivity](12153): WindowInsets changed: 1080x2400 statusBars:[0,128,0,0] navigationBars:[0,0,0,63] mandatorySystemGestures:[0,160,0,84] 
D/FlutterRenderer(12153): Width is zero. 0,0
I/Surface (12153): Creating surface for consumer unnamed-12153-0 with slotExpansion=1 for 64 slots
I/Surface (12153): Creating surface for consumer VRI[MainActivity]#0(BLAST Consumer)0 with slotExpansion=1 for 64 slots
D/FlutterJNI(12153): Sending viewport metrics to the engine.
I/Surface (12153): Creating surface for consumer unnamed-12153-1 with slotExpansion=1 for 64 slots
I/Surface (12153): Creating surface for consumer 1d8b318 SurfaceView[com.memocard.spike.spike_platform/com.memocard.spike.spike_platform.MainActivity]#1(BLAST Consumer)1 with slotExpansion=1 for 64 slots
Syncing files to device sdk gphone16k x86 64...                    314ms

Flutter run key commands.
r Hot reload. 
R Hot restart.
h List all available interactive commands.
d Detach (terminate "flutter run" but leave application running).
c Clear the screen
q Quit (terminate the application on the device).

A Dart VM Service on sdk gphone16k x86 64 is available at: http://127.0.0.1:62231/3QakPufUqgw=/
The Flutter DevTools debugger and profiler on sdk gphone16k x86 64 is available at: http://127.0.0.1:62231/3QakPufUqgw=/devtools/?uri=ws://127.0.0.1:62231/3QakPufUqgw=/ws
I/Choreographer(12153): Skipped 233 frames!  The application may be doing too much work on its main thread.
D/WindowLayoutComponentImpl(12153): Register WindowLayoutInfoListener on Context=com.memocard.spike.spike_platform.MainActivity@b7867d7, of which baseContext=android.app.ContextImpl@705f4eb
D/ProfileInstaller(12153): Installing profile for com.memocard.spike.spike_platform
D/FlutterJNI(12153): Sending viewport metrics to the engine.
W/.spike_platform(12153): Suspending all threads took: 10.920ms
I/.spike_platform(12153): Background concurrent mark compact GC freed 3063KB AllocSpace bytes, 6(192KB) LOS objects, 49% free, 3251KB/6502KB, paused 15.250ms,44.848ms total 148.954ms
D/FirebaseAuth(12153): Notifying id token listeners about user ( FLG4DaRM22prUnNDHsTCPc1wuuv4 ).
I/.spike_platform(12153): Compiler allocated 5230KB to compile void android.view.ViewRootImpl.performTraversals(long)
I/Choreographer(12153): Skipped 230 frames!  The application may be doing too much work on its main thread.
D/FlutterJNI(12153): Sending viewport metrics to the engine.
D/InsetsController(12153): hide(ime())
I/ImeTracker(12153): com.memocard.spike.spike_platform:e845758c: onCancelled at PHASE_CLIENT_ALREADY_HIDDEN
I/flutter (12153): [SPIKE] SQLITE PASS: {id: 1, value: hello-from-android}
I/FirebaseAuth(12153): Creating user with spike_test_user@example.com with empty reCAPTCHA token
W/System  (12153): Ignoring header X-Firebase-Locale because its value was null.
E/RecaptchaCallWrapper(12153): Initial task failed for action RecaptchaAction(action=signUpPassword)with exception - The email address is already in use by another account.
I/FirebaseAuth(12153): Logging in as spike_test_user@example.com with empty reCAPTCHA token
W/System  (12153): Ignoring header X-Firebase-Locale because its value was null.
W/System  (12153): Ignoring header X-Firebase-Locale because its value was null.
D/FirebaseAuth(12153): Notifying id token listeners about user ( FLG4DaRM22prUnNDHsTCPc1wuuv4 ).
W/DynamiteModule(12153): Local module descriptor class for com.google.android.gms.providerinstaller.dynamite not found.
I/.spike_platform(12153): Background young concurrent mark compact GC freed 2243KB AllocSpace bytes, 13(576KB) LOS objects, 39% free, 3933KB/6502KB, paused 4.943ms,16.900ms total 187.326ms
I/DynamiteModule(12153): Considering local module com.google.android.gms.providerinstaller.dynamite:0 and remote module com.google.android.gms.providerinstaller.dynamite:0
W/ProviderInstaller(12153): Failed to load providerinstaller module: No acceptable module com.google.android.gms.providerinstaller.dynamite found. Local version is 0 and remote version is 0.
D/ApplicationLoaders(12153): Returning zygote-cached class loader: /system/framework/org.apache.http.legacy.jar
D/ApplicationLoaders(12153): Returning zygote-cached class loader: /system/framework/com.android.location.provider.jar
D/ApplicationLoaders(12153): Returning zygote-cached class loader: /system/framework/com.android.media.remotedisplay.jar
D/ApplicationLoaders(12153): Returning zygote-cached class loader: /system_ext/framework/androidx.window.extensions.jar
D/ApplicationLoaders(12153): Returning zygote-cached class loader: /system_ext/framework/androidx.window.sidecar.jar
D/nativeloader(12153): Configuring clns-10 for other apk /apex/com.google.android.gmssystem/priv-app/PrebuiltGmsCoreVic@CP21.260330.005/PrebuiltGmsCoreVic.apk. target_sdk_version=37, uses_libraries=, library_path=/apex/com.google.android.gmssystem/priv-app/PrebuiltGmsCoreVic@CP21.260330.005/lib/x86_64:/apex/com.google.android.gmssystem/priv-app/PrebuiltGmsCoreVic@CP21.260330.005/PrebuiltGmsCoreVic.apk!/lib/x86_64, permitted_path=/data:/mnt/expand:/data/user/0/com.google.android.gms
D/nativeloader(12153): InitApexLibraries:
D/nativeloader(12153):   com_android_adservices: libhpke_jni.so:libtflite_support_classifiers_native.so
D/nativeloader(12153):   com_android_appsearch: libappsearchservice.so:libicing_anywhere.so
D/nativeloader(12153):   com_android_art: libartservice.so
D/nativeloader(12153):   com_android_bt: libbluetooth_jni.so
D/nativeloader(12153):   com_android_conscrypt: libjavacrypto.so
D/nativeloader(12153):   com_android_extservices: libtflite_support_classifiers_native.so
D/nativeloader(12153):   com_android_mediaprovider: libpdfclient.so
D/nativeloader(12153):   com_android_nfcservices: libnfc_nci_jni.so
D/nativeloader(12153):   com_android_npumanager: libnpumanager_service_jni.so
D/nativeloader(12153):   com_android_ondevicepersonalization: libfcp_cpp_dep_jni.so:libfcp_hpke_jni.so
D/nativeloader(12153):   com_android_os_statsd: libstats_jni.so
D/nativeloader(12153):   com_android_tethering: libandroid_net_connectivity_com_android_net_module_util_jni.so:libandroid_net_connectivity_com_android_net_module_util_jni_CommonConnectivityJni.so:libcrypto_httpengine.so:libframework-connectivity-jni.so:libframework-connectivity-tiramisu-jni.so:libhttpengine.so:libservice-connectivity.so:libservice-thread-jni.so
D/nativeloader(12153):   com_android_uwb: libuwb_uci_jni_rust.so
D/nativeloader(12153):   com_android_virt: Mi
D/nativeloader(12153): Load /apex/com.google.android.gmssystem/priv-app/PrebuiltGmsCoreVic@CP21.260330.005/PrebuiltGmsCoreVic.apk!/lib/x86_64/libconscrypt_gmscore_jni.so using class loader ns clns-10 (caller=/apex/com.google.android.gmssystem/priv-app/PrebuiltGmsCoreVic@CP21.260330.005/PrebuiltGmsCoreVic.apk): ok
V/NativeCrypto(12153): Registering com/google/android/gms/org/conscrypt/NativeCrypto's 334 native methods...
E/GoogleApiManager(12153): Failed to get service from broker. 
E/GoogleApiManager(12153): java.lang.SecurityException: Unknown calling package name 'com.google.android.gms'.
E/GoogleApiManager(12153): 	at android.os.Parcel.createExceptionOrNull(Parcel.java:3392)
E/GoogleApiManager(12153): 	at android.os.Parcel.createException(Parcel.java:3376)
E/GoogleApiManager(12153): 	at android.os.Parcel.readException(Parcel.java:3359)
E/GoogleApiManager(12153): 	at android.os.Parcel.readException(Parcel.java:3301)
E/GoogleApiManager(12153): 	at bhqq.a(:com.google.android.gms@261136038@26.11.36 (260800-892401869):36)
E/GoogleApiManager(12153): 	at bhor.z(:com.google.android.gms@261136038@26.11.36 (260800-892401869):143)
E/GoogleApiManager(12153): 	at bgut.run(:com.google.android.gms@261136038@26.11.36 (260800-892401869):42)
E/GoogleApiManager(12153): 	at android.os.Handler.handleCallback(Handler.java:1095)
E/GoogleApiManager(12153): 	at android.os.Handler.dispatchMessageImpl(Handler.java:135)
E/GoogleApiManager(12153): 	at android.os.Handler.dispatchMessage(Handler.java:125)
E/GoogleApiManager(12153): 	at cwwb.mr(:com.google.android.gms@261136038@26.11.36 (260800-892401869):1)
E/GoogleApiManager(12153): 	at cwwb.dispatchMessage(:com.google.android.gms@261136038@26.11.36 (260800-892401869):5)
E/GoogleApiManager(12153): 	at android.os.Looper.loopOnce(Looper.java:296)
E/GoogleApiManager(12153): 	at android.os.Looper.loop(Looper.java:397)
E/GoogleApiManager(12153): 	at android.os.HandlerThread.run(HandlerThread.java:139)
W/GoogleApiManager(12153): Not showing notification since connectionResult is not user-facing: ConnectionResult{statusCode=DEVELOPER_ERROR, resolution=null, message=null, clientMethodKey=null}
W/FlagRegistrar(12153): Failed to register com.google.android.gms.providerinstaller#com.memocard.spike.spike_platform
W/FlagRegistrar(12153): ggtz: 17: 17: API: Phenotype.API is not available on this device. Connection failed with: ConnectionResult{statusCode=DEVELOPER_ERROR, resolution=null, message=null, clientMethodKey=null}
W/FlagRegistrar(12153): 	at ggub.a(:com.google.android.gms@261136038@26.11.36 (260800-892401869):13)
W/FlagRegistrar(12153): 	at hggj.d(:com.google.android.gms@261136038@26.11.36 (260800-892401869):3)
W/FlagRegistrar(12153): 	at hggl.run(:com.google.android.gms@261136038@26.11.36 (260800-892401869):130)
W/FlagRegistrar(12153): 	at hgis.execute(:com.google.android.gms@261136038@26.11.36 (260800-892401869):1)
W/FlagRegistrar(12153): 	at hggt.f(:com.google.android.gms@261136038@26.11.36 (260800-892401869):1)
W/FlagRegistrar(12153): 	at hggt.m(:com.google.android.gms@261136038@26.11.36 (260800-892401869):99)
W/FlagRegistrar(12153): 	at hggt.r(:com.google.android.gms@261136038@26.11.36 (260800-892401869):17)
W/FlagRegistrar(12153): 	at fymg.hB(:com.google.android.gms@261136038@26.11.36 (260800-892401869):35)
W/FlagRegistrar(12153): 	at flah.run(:com.google.android.gms@261136038@26.11.36 (260800-892401869):12)
W/FlagRegistrar(12153): 	at hgis.execute(:com.google.android.gms@261136038@26.11.36 (260800-892401869):1)
W/FlagRegistrar(12153): 	at flai.b(:com.google.android.gms@261136038@26.11.36 (260800-892401869):18)
W/FlagRegistrar(12153): 	at flax.b(:com.google.android.gms@261136038@26.11.36 (260800-892401869):34)
W/FlagRegistrar(12153): 	at flaz.d(:com.google.android.gms@261136038@26.11.36 (260800-892401869):25)
W/FlagRegistrar(12153): 	at bgsc.c(:com.google.android.gms@261136038@26.11.36 (260800-892401869):9)
W/FlagRegistrar(12153): 	at bgur.q(:com.google.android.gms@261136038@26.11.36 (260800-892401869):48)
W/FlagRegistrar(12153): 	at bgur.d(:com.google.android.gms@261136038@26.11.36 (260800-892401869):10)
W/FlagRegistrar(12153): 	at bgur.g(:com.google.android.gms@261136038@26.11.36 (260800-892401869):191)
W/FlagRegistrar(12153): 	at bgur.onConnectionFailed(:com.google.android.gms@261136038@26.11.36 (260800-892401869):2)
W/FlagRegistrar(12153): 	at bgut.run(:com.google.android.gms@261136038@26.11.36 (260800-892401869):70)
W/FlagRegistrar(12153): 	at android.os.Handler.handleCallback(Handler.java:1095)
W/FlagRegistrar(12153): 	at android.os.Handler.dispatchMessageImpl(Handler.java:135)
W/FlagRegistrar(12153): 	at android.os.Handler.dispatchMessage(Handler.java:125)
W/FlagRegistrar(12153): 	at cwwb.mr(:com.google.android.gms@261136038@26.11.36 (260800-892401869):1)
W/FlagRegistrar(12153): 	at cwwb.dispatchMessage(:com.google.android.gms@261136038@26.11.36 (260800-892401869):5)
W/FlagRegistrar(12153): 	at android.os.Looper.loopOnce(Looper.java:296)
W/FlagRegistrar(12153): 	at android.os.Looper.loop(Looper.java:397)
W/FlagRegistrar(12153): 	at android.os.HandlerThread.run(HandlerThread.java:139)
W/FlagRegistrar(12153): Caused by: bgqj: 17: API: Phenotype.API is not available on this device. Connection failed with: ConnectionResult{statusCode=DEVELOPER_ERROR, resolution=null, message=null, clientMethodKey=null}
W/FlagRegistrar(12153): 	at bhod.a(:com.google.android.gms@261136038@26.11.36 (260800-892401869):15)
W/FlagRegistrar(12153): 	at bgsf.a(:com.google.android.gms@261136038@26.11.36 (260800-892401869):1)
W/FlagRegistrar(12153): 	at bgsc.c(:com.google.android.gms@261136038@26.11.36 (260800-892401869):5)
W/FlagRegistrar(12153): 	... 13 more
I/.spike_platform(12153): Background concurrent mark compact GC freed 672KB AllocSpace bytes, 0(0B) LOS objects, 49% free, 6257KB/12MB, paused 2.050ms,24.547ms total 290.866ms
I/ggtn    (12153): Unable to retrieve flag snapshot for com.google.android.gms.providerinstaller#com.memocard.spike.spike_platform, using defaults.
I/ProviderInstaller(12153): Installed default security provider GmsCore_OpenSSL
I/flutter (12153): [SPIKE] FIREBASE PASS: {value: hello-firebase}
E/GoogleApiManager(12153): Failed to get service from broker. 
E/GoogleApiManager(12153): java.lang.SecurityException: Unknown calling package name 'com.google.android.gms'.
E/GoogleApiManager(12153): 	at android.os.Parcel.createExceptionOrNull(Parcel.java:3392)
E/GoogleApiManager(12153): 	at android.os.Parcel.createException(Parcel.java:3376)
E/GoogleApiManager(12153): 	at android.os.Parcel.readException(Parcel.java:3359)
E/GoogleApiManager(12153): 	at android.os.Parcel.readException(Parcel.java:3301)
E/GoogleApiManager(12153): 	at bhqq.a(:com.google.android.gms@261136038@26.11.36 (260800-892401869):36)
E/GoogleApiManager(12153): 	at bhor.z(:com.google.android.gms@261136038@26.11.36 (260800-892401869):143)
E/GoogleApiManager(12153): 	at bgut.run(:com.google.android.gms@261136038@26.11.36 (260800-892401869):42)
E/GoogleApiManager(12153): 	at android.os.Handler.handleCallback(Handler.java:1095)
E/GoogleApiManager(12153): 	at android.os.Handler.dispatchMessageImpl(Handler.java:135)
E/GoogleApiManager(12153): 	at android.os.Handler.dispatchMessage(Handler.java:125)
E/GoogleApiManager(12153): 	at cwwb.mr(:com.google.android.gms@261136038@26.11.36 (260800-892401869):1)
E/GoogleApiManager(12153): 	at cwwb.dispatchMessage(:com.google.android.gms@261136038@26.11.36 (260800-892401869):5)
E/GoogleApiManager(12153): 	at android.os.Looper.loopOnce(Looper.java:296)
E/GoogleApiManager(12153): 	at android.os.Looper.loop(Looper.java:397)
E/GoogleApiManager(12153): 	at android.os.HandlerThread.run(HandlerThread.java:139)
W/GoogleApiManager(12153): Not showing notification since connectionResult is not user-facing: ConnectionResult{statusCode=DEVELOPER_ERROR, resolution=null, message=null, clientMethodKey=null}
