Resolving dependencies...
Downloading packages...
  matcher 0.12.19 (0.12.20 available)
  meta 1.17.0 (1.19.0 available)
  sqflite 2.4.2+1 (2.4.3 available)
  sqflite_android 2.4.2+3 (2.4.3 available)
  sqflite_common 2.5.8 (2.5.11 available)
  sqflite_darwin 2.4.2 (2.4.3+1 available)
  sqflite_platform_interface 2.4.0 (2.4.1 available)
  synchronized 3.4.0+1 (3.4.1 available)
  test_api 0.7.10 (0.7.13 available)
  vector_math 2.2.0 (2.4.0 available)
Got dependencies!
10 packages have newer versions incompatible with dependency constraints.
Try `flutter pub outdated` for more information.
Launching lib\main.dart on sdk gphone16k x86 64 in debug mode...
Running Gradle task 'assembleDebug'...                              5.0s
√ Built build\app\outputs\flutter-apk\app-debug.apk
Installing build\app\outputs\flutter-apk\app-debug.apk...        2,377ms
D/FlutterJNI(12000): Beginning load of flutter...
D/FlutterJNI(12000): flutter (null) was loaded normally!
I/flutter (12000): [IMPORTANT:flutter/shell/platform/android/android_context_gl_impeller.cc(104)] Using the Impeller rendering backend (OpenGLES).
D/FlutterRenderer(12000): Width is zero. 0,0
D/FlutterRenderer(12000): Width is zero. 0,0
D/FlutterJNI(12000): Sending viewport metrics to the engine.
Syncing files to device sdk gphone16k x86 64...                    221ms

Flutter run key commands.
r Hot reload. 
R Hot restart.
h List all available interactive commands.
d Detach (terminate "flutter run" but leave application running).
c Clear the screen
q Quit (terminate the application on the device).

A Dart VM Service on sdk gphone16k x86 64 is available at: http://127.0.0.1:55807/eEQWaWqXvmg=/
The Flutter DevTools debugger and profiler on sdk gphone16k x86 64 is available at: http://127.0.0.1:55807/eEQWaWqXvmg=/devtools/?uri=ws://127.0.0.1:55807/eEQWaWqXvmg=/ws
I/.spike_platform(12000): Compiler allocated 5239KB to compile void android.view.ViewRootImpl.performTraversals(long)
I/Choreographer(12000): Skipped 88 frames!  The application may be doing too much work on its main thread.
D/WindowLayoutComponentImpl(12000): Register WindowLayoutInfoListener on Context=com.memocard.spike.spike_platform.MainActivity@6a9fb56, of which baseContext=android.app.ContextImpl@81a321d
D/FlutterJNI(12000): Sending viewport metrics to the engine.
I/Choreographer(12000): Skipped 91 frames!  The application may be doing too much work on its main thread.
D/FlutterJNI(12000): Sending viewport metrics to the engine.
I/flutter (12000): [SPIKE] SQLITE PASS: {id: 1, value: hello-from-android}
I/FirebaseAuth(12000): Creating user with spike_test_user@example.com with empty reCAPTCHA token
W/System  (12000): Ignoring header X-Firebase-Locale because its value was null.
D/InsetsController(12000): hide(ime())
I/ImeTracker(12000): com.memocard.spike.spike_platform:386c12dc: onCancelled at PHASE_CLIENT_ALREADY_HIDDEN
E/RecaptchaCallWrapper(12000): Initial task failed for action RecaptchaAction(action=signUpPassword)with exception - The email address is already in use by another account.
I/FirebaseAuth(12000): Logging in as spike_test_user@example.com with empty reCAPTCHA token
W/System  (12000): Ignoring header X-Firebase-Locale because its value was null.
W/System  (12000): Ignoring header X-Firebase-Locale because its value was null.
D/FirebaseAuth(12000): Notifying id token listeners about user ( FLG4DaRM22prUnNDHsTCPc1wuuv4 ).
D/ProfileInstaller(12000): Installing profile for com.memocard.spike.spike_platform
W/DynamiteModule(12000): Local module descriptor class for com.google.android.gms.providerinstaller.dynamite not found.
I/DynamiteModule(12000): Considering local module com.google.android.gms.providerinstaller.dynamite:0 and remote module com.google.android.gms.providerinstaller.dynamite:0
W/ProviderInstaller(12000): Failed to load providerinstaller module: No acceptable module com.google.android.gms.providerinstaller.dynamite found. Local version is 0 and remote version is 0.
D/ApplicationLoaders(12000): Returning zygote-cached class loader: /system/framework/org.apache.http.legacy.jar
D/ApplicationLoaders(12000): Returning zygote-cached class loader: /system/framework/com.android.location.provider.jar
D/ApplicationLoaders(12000): Returning zygote-cached class loader: /system/framework/com.android.media.remotedisplay.jar
D/ApplicationLoaders(12000): Returning zygote-cached class loader: /system_ext/framework/androidx.window.extensions.jar
D/ApplicationLoaders(12000): Returning zygote-cached class loader: /system_ext/framework/androidx.window.sidecar.jar
D/nativeloader(12000): Configuring clns-10 for other apk /apex/com.google.android.gmssystem/priv-app/PrebuiltGmsCoreVic@CP21.260330.005/PrebuiltGmsCoreVic.apk. target_sdk_version=37, uses_libraries=, library_path=/apex/com.google.android.gmssystem/priv-app/PrebuiltGmsCoreVic@CP21.260330.005/lib/x86_64:/apex/com.google.android.gmssystem/priv-app/PrebuiltGmsCoreVic@CP21.260330.005/PrebuiltGmsCoreVic.apk!/lib/x86_64, permitted_path=/data:/mnt/expand:/data/user/0/com.google.android.gms
D/nativeloader(12000): InitApexLibraries:
D/nativeloader(12000):   com_android_adservices: libhpke_jni.so:libtflite_support_classifiers_native.so
D/nativeloader(12000):   com_android_appsearch: libappsearchservice.so:libicing_anywhere.so
D/nativeloader(12000):   com_android_art: libartservice.so
D/nativeloader(12000):   com_android_bt: libbluetooth_jni.so
D/nativeloader(12000):   com_android_conscrypt: libjavacrypto.so
D/nativeloader(12000):   com_android_extservices: libtflite_support_classifiers_native.so
D/nativeloader(12000):   com_android_mediaprovider: libpdfclient.so
D/nativeloader(12000):   com_android_nfcservices: libnfc_nci_jni.so
D/nativeloader(12000):   com_android_npumanager: libnpumanager_service_jni.so
D/nativeloader(12000):   com_android_ondevicepersonalization: libfcp_cpp_dep_jni.so:libfcp_hpke_jni.so
D/nativeloader(12000):   com_android_os_statsd: libstats_jni.so
D/nativeloader(12000):   com_android_tethering: libandroid_net_connectivity_com_android_net_module_util_jni.so:libandroid_net_connectivity_com_android_net_module_util_jni_CommonConnectivityJni.so:libcrypto_httpengine.so:libframework-connectivity-jni.so:libframework-connectivity-tiramisu-jni.so:libhttpengine.so:libservice-connectivity.so:libservice-thread-jni.so
D/nativeloader(12000):   com_android_uwb: libuwb_uci_jni_rust.so
D/nativeloader(12000):   com_android_virt: Mi
D/nativeloader(12000): Load /apex/com.google.android.gmssystem/priv-app/PrebuiltGmsCoreVic@CP21.260330.005/PrebuiltGmsCoreVic.apk!/lib/x86_64/libconscrypt_gmscore_jni.so using class loader ns clns-10 (caller=/apex/com.google.android.gmssystem/priv-app/PrebuiltGmsCoreVic@CP21.260330.005/PrebuiltGmsCoreVic.apk): ok
V/NativeCrypto(12000): Registering com/google/android/gms/org/conscrypt/NativeCrypto's 334 native methods...
I/.spike_platform(12000): Background concurrent mark compact GC freed 5451KB AllocSpace bytes, 19(768KB) LOS objects, 49% free, 6305KB/12MB, paused 5.599ms,77.404ms total 213.887ms
E/GoogleApiManager(12000): Failed to get service from broker. 
E/GoogleApiManager(12000): java.lang.SecurityException: Unknown calling package name 'com.google.android.gms'.
E/GoogleApiManager(12000): 	at android.os.Parcel.createExceptionOrNull(Parcel.java:3392)
E/GoogleApiManager(12000): 	at android.os.Parcel.createException(Parcel.java:3376)
E/GoogleApiManager(12000): 	at android.os.Parcel.readException(Parcel.java:3359)
E/GoogleApiManager(12000): 	at android.os.Parcel.readException(Parcel.java:3301)
E/GoogleApiManager(12000): 	at bhqq.a(:com.google.android.gms@261136038@26.11.36 (260800-892401869):36)
E/GoogleApiManager(12000): 	at bhor.z(:com.google.android.gms@261136038@26.11.36 (260800-892401869):143)
E/GoogleApiManager(12000): 	at bgut.run(:com.google.android.gms@261136038@26.11.36 (260800-892401869):42)
E/GoogleApiManager(12000): 	at android.os.Handler.handleCallback(Handler.java:1095)
E/GoogleApiManager(12000): 	at android.os.Handler.dispatchMessageImpl(Handler.java:135)
E/GoogleApiManager(12000): 	at android.os.Handler.dispatchMessage(Handler.java:125)
E/GoogleApiManager(12000): 	at cwwb.mr(:com.google.android.gms@261136038@26.11.36 (260800-892401869):1)
E/GoogleApiManager(12000): 	at cwwb.dispatchMessage(:com.google.android.gms@261136038@26.11.36 (260800-892401869):5)
E/GoogleApiManager(12000): 	at android.os.Looper.loopOnce(Looper.java:296)
E/GoogleApiManager(12000): 	at android.os.Looper.loop(Looper.java:397)
E/GoogleApiManager(12000): 	at android.os.HandlerThread.run(HandlerThread.java:139)
W/GoogleApiManager(12000): Not showing notification since connectionResult is not user-facing: ConnectionResult{statusCode=DEVELOPER_ERROR, resolution=null, message=null, clientMethodKey=null}
W/FlagRegistrar(12000): Failed to register com.google.android.gms.providerinstaller#com.memocard.spike.spike_platform
W/FlagRegistrar(12000): ggtz: 17: 17: API: Phenotype.API is not available on this device. Connection failed with: ConnectionResult{statusCode=DEVELOPER_ERROR, resolution=null, message=null, clientMethodKey=null}
W/FlagRegistrar(12000): 	at ggub.a(:com.google.android.gms@261136038@26.11.36 (260800-892401869):13)
W/FlagRegistrar(12000): 	at hggj.d(:com.google.android.gms@261136038@26.11.36 (260800-892401869):3)
W/FlagRegistrar(12000): 	at hggl.run(:com.google.android.gms@261136038@26.11.36 (260800-892401869):130)
W/FlagRegistrar(12000): 	at hgis.execute(:com.google.android.gms@261136038@26.11.36 (260800-892401869):1)
W/FlagRegistrar(12000): 	at hggt.f(:com.google.android.gms@261136038@26.11.36 (260800-892401869):1)
W/FlagRegistrar(12000): 	at hggt.m(:com.google.android.gms@261136038@26.11.36 (260800-892401869):99)
W/FlagRegistrar(12000): 	at hggt.r(:com.google.android.gms@261136038@26.11.36 (260800-892401869):17)
W/FlagRegistrar(12000): 	at fymg.hB(:com.google.android.gms@261136038@26.11.36 (260800-892401869):35)
W/FlagRegistrar(12000): 	at flah.run(:com.google.android.gms@261136038@26.11.36 (260800-892401869):12)
W/FlagRegistrar(12000): 	at hgis.execute(:com.google.android.gms@261136038@26.11.36 (260800-892401869):1)
W/FlagRegistrar(12000): 	at flai.b(:com.google.android.gms@261136038@26.11.36 (260800-892401869):18)
W/FlagRegistrar(12000): 	at flax.b(:com.google.android.gms@261136038@26.11.36 (260800-892401869):34)
W/FlagRegistrar(12000): 	at flaz.d(:com.google.android.gms@261136038@26.11.36 (260800-892401869):25)
W/FlagRegistrar(12000): 	at bgsc.c(:com.google.android.gms@261136038@26.11.36 (260800-892401869):9)
W/FlagRegistrar(12000): 	at bgur.q(:com.google.android.gms@261136038@26.11.36 (260800-892401869):48)
W/FlagRegistrar(12000): 	at bgur.d(:com.google.android.gms@261136038@26.11.36 (260800-892401869):10)
W/FlagRegistrar(12000): 	at bgur.g(:com.google.android.gms@261136038@26.11.36 (260800-892401869):191)
W/FlagRegistrar(12000): 	at bgur.onConnectionFailed(:com.google.android.gms@261136038@26.11.36 (260800-892401869):2)
W/FlagRegistrar(12000): 	at bgut.run(:com.google.android.gms@261136038@26.11.36 (260800-892401869):70)
W/FlagRegistrar(12000): 	at android.os.Handler.handleCallback(Handler.java:1095)
W/FlagRegistrar(12000): 	at android.os.Handler.dispatchMessageImpl(Handler.java:135)
W/FlagRegistrar(12000): 	at android.os.Handler.dispatchMessage(Handler.java:125)
W/FlagRegistrar(12000): 	at cwwb.mr(:com.google.android.gms@261136038@26.11.36 (260800-892401869):1)
W/FlagRegistrar(12000): 	at cwwb.dispatchMessage(:com.google.android.gms@261136038@26.11.36 (260800-892401869):5)
W/FlagRegistrar(12000): 	at android.os.Looper.loopOnce(Looper.java:296)
W/FlagRegistrar(12000): 	at android.os.Looper.loop(Looper.java:397)
W/FlagRegistrar(12000): 	at android.os.HandlerThread.run(HandlerThread.java:139)
W/FlagRegistrar(12000): Caused by: bgqj: 17: API: Phenotype.API is not available on this device. Connection failed with: ConnectionResult{statusCode=DEVELOPER_ERROR, resolution=null, message=null, clientMethodKey=null}
W/FlagRegistrar(12000): 	at bhod.a(:com.google.android.gms@261136038@26.11.36 (260800-892401869):15)
W/FlagRegistrar(12000): 	at bgsf.a(:com.google.android.gms@261136038@26.11.36 (260800-892401869):1)
W/FlagRegistrar(12000): 	at bgsc.c(:com.google.android.gms@261136038@26.11.36 (260800-892401869):5)
W/FlagRegistrar(12000): 	... 13 more
I/ggtn    (12000): Unable to retrieve flag snapshot for com.google.android.gms.providerinstaller#com.memocard.spike.spike_platform, using defaults.
I/ProviderInstaller(12000): Installed default security provider GmsCore_OpenSSL
I/flutter (12000): [SPIKE] FIREBASE PASS: {value: hello-firebase}
